Using pre-set license
Built from '2020.3/staging' branch; Version is '2020.3.8f1 (507919d4fff5) revision 5273881'; Using compiler version '192528614'; Build Type 'Release'
OS: 'Windows 10 Home; OS build 22000.795; Version 2009; 64bit' Language: 'en' Physical Memory: 16062 MB
BatchMode: 1, IsHumanControllingUs: 0, StartBugReporterOnCrash: 0, Is64bit: 1, IsPro: 0

 COMMAND LINE ARGUMENTS:
C:\Program Files\Unity\Hub\Editor\2020.3.8f1\Editor\Unity.exe
-adb2
-batchMode
-noUpm
-name
AssetImportWorker0
-projectPath
C:/Users/WARE/Documents/_Debbie/_Project/2208_HKSCM_PGInteractive/Unity/HKSCM_PG3.3_RPG
-logFile
Logs/AssetImportWorker0.log
-srvPort
64114
Successfully changed project path to: C:/Users/WARE/Documents/_Debbie/_Project/2208_HKSCM_PGInteractive/Unity/HKSCM_PG3.3_RPG
C:/Users/WARE/Documents/_Debbie/_Project/2208_HKSCM_PGInteractive/Unity/HKSCM_PG3.3_RPG
Using Asset Import Pipeline V2.
Refreshing native plugins compatible for Editor in 95.00 ms, found 0 plugins.
Preloading 0 native plugins for Editor in 0.00 ms.
Initialize engine version: 2020.3.8f1 (507919d4fff5)
[Subsystems] Discovering subsystems at path C:/Program Files/Unity/Hub/Editor/2020.3.8f1/Editor/Data/Resources/UnitySubsystems
[Subsystems] Discovering subsystems at path C:/Users/WARE/Documents/_Debbie/_Project/2208_HKSCM_PGInteractive/Unity/HKSCM_PG3.3_RPG/Assets
GfxDevice: creating device client; threaded=0
Direct3D:
    Version:  Direct3D 11.0 [level 11.1]
    Renderer: NVIDIA GeForce RTX 3050 Laptop GPU (ID=0x25a2)
    Vendor:   
    VRAM:     3993 MB
    Driver:   27.21.14.6660
Initialize mono
Mono path[0] = 'C:/Program Files/Unity/Hub/Editor/2020.3.8f1/Editor/Data/Managed'
Mono path[1] = 'C:/Program Files/Unity/Hub/Editor/2020.3.8f1/Editor/Data/MonoBleedingEdge/lib/mono/unityjit'
Mono config path = 'C:/Program Files/Unity/Hub/Editor/2020.3.8f1/Editor/Data/MonoBleedingEdge/etc'
Using monoOptions --debugger-agent=transport=dt_socket,embedding=1,server=y,suspend=n,address=127.0.0.1:56420
Begin MonoManager ReloadAssembly
Registering precompiled unity dll's ...
Register platform support module: C:/Program Files/Unity/Hub/Editor/2020.3.8f1/Editor/Data/PlaybackEngines/WindowsStandaloneSupport/UnityEditor.WindowsStandalone.Extensions.dll
Registered in 0.001527 seconds.
Native extension for WindowsStandalone target not found
Refreshing native plugins compatible for Editor in 41.18 ms, found 0 plugins.
Preloading 0 native plugins for Editor in 0.00 ms.
Mono: successfully reloaded assembly
- Completed reload, in  2.472 seconds
Platform modules already initialized, skipping
Registering precompiled user dll's ...
Registered in 0.008146 seconds.
Begin MonoManager ReloadAssembly
Native extension for WindowsStandalone target not found
Refreshing native plugins compatible for Editor in 0.51 ms, found 0 plugins.
Preloading 0 native plugins for Editor in 0.00 ms.
Mono: successfully reloaded assembly
- Completed reload, in  1.022 seconds
Platform modules already initialized, skipping
========================================================================
Worker process is ready to serve import requests
Launched and connected shader compiler UnityShaderCompiler.exe after 0.06 seconds
Refreshing native plugins compatible for Editor in 0.97 ms, found 0 plugins.
Preloading 0 native plugins for Editor in 0.00 ms.
Unloading 1675 Unused Serialized files (Serialized files now loaded: 0)
System memory in use before: 74.9 MB.
System memory in use after: 74.9 MB.

Unloading 39 unused Assets to reduce memory usage. Loaded Objects now: 2101.
Total: 3.064900 ms (FindLiveObjects: 0.260500 ms CreateObjectMapping: 0.097100 ms MarkObjects: 2.548200 ms  DeleteObjects: 0.156900 ms)

========================================================================
Received Import Request.
  path: Assets/2D RPG Kit/Animations/Player_Idle_Down.anim
  artifactKey: Guid(e64cc3b658bcc1a43911861906828c7a) Importer(815301076,1909f56bfc062723c751e8b465ee728b)
Start importing Assets/2D RPG Kit/Animations/Player_Idle_Down.anim using Guid(e64cc3b658bcc1a43911861906828c7a) Importer(815301076,1909f56bfc062723c751e8b465ee728b)  -> (artifact id: '6e1f5415cccd39c384f0c72a1defbac5') in 0.059527 seconds
  Import took 0.063720 seconds .

========================================================================
Received Prepare
Registering precompiled user dll's ...
Registered in 0.003255 seconds.
Begin MonoManager ReloadAssembly
Native extension for WindowsStandalone target not found
Refreshing native plugins compatible for Editor in 0.59 ms, found 0 plugins.
Preloading 0 native plugins for Editor in 0.00 ms.
Mono: successfully reloaded assembly
- Completed reload, in  0.594 seconds
Platform modules already initialized, skipping
Refreshing native plugins compatible for Editor in 0.44 ms, found 0 plugins.
Preloading 0 native plugins for Editor in 0.00 ms.
Unloading 1670 Unused Serialized files (Serialized files now loaded: 0)
System memory in use before: 74.8 MB.
System memory in use after: 74.9 MB.

Unloading 30 unused Assets to reduce memory usage. Loaded Objects now: 2104.
Total: 1.457500 ms (FindLiveObjects: 0.112000 ms CreateObjectMapping: 0.027500 ms MarkObjects: 1.254000 ms  DeleteObjects: 0.063200 ms)

========================================================================
Received Prepare
Registering precompiled user dll's ...
Registered in 0.002992 seconds.
Begin MonoManager ReloadAssembly
Native extension for WindowsStandalone target not found
Refreshing native plugins compatible for Editor in 0.44 ms, found 0 plugins.
Preloading 0 native plugins for Editor in 0.00 ms.
Mono: successfully reloaded assembly
- Completed reload, in  0.593 seconds
Platform modules already initialized, skipping
Refreshing native plugins compatible for Editor in 0.43 ms, found 0 plugins.
Preloading 0 native plugins for Editor in 0.00 ms.
Unloading 1670 Unused Serialized files (Serialized files now loaded: 0)
System memory in use before: 74.9 MB.
System memory in use after: 74.9 MB.

Unloading 30 unused Assets to reduce memory usage. Loaded Objects now: 2107.
Total: 1.513400 ms (FindLiveObjects: 0.118000 ms CreateObjectMapping: 0.026600 ms MarkObjects: 1.305800 ms  DeleteObjects: 0.062200 ms)

========================================================================
Received Prepare
Registering precompiled user dll's ...
Registered in 0.003446 seconds.
Begin MonoManager ReloadAssembly
Native extension for WindowsStandalone target not found
Refreshing native plugins compatible for Editor in 0.41 ms, found 0 plugins.
Preloading 0 native plugins for Editor in 0.00 ms.
Mono: successfully reloaded assembly
- Completed reload, in  0.685 seconds
Platform modules already initialized, skipping
Refreshing native plugins compatible for Editor in 0.44 ms, found 0 plugins.
Preloading 0 native plugins for Editor in 0.00 ms.
Unloading 1670 Unused Serialized files (Serialized files now loaded: 0)
System memory in use before: 74.9 MB.
System memory in use after: 75.0 MB.

Unloading 30 unused Assets to reduce memory usage. Loaded Objects now: 2110.
Total: 1.324800 ms (FindLiveObjects: 0.120100 ms CreateObjectMapping: 0.031500 ms MarkObjects: 1.121800 ms  DeleteObjects: 0.050300 ms)

========================================================================
Received Import Request.
  Time since last request: 6974.822458 seconds.
  path: Assets/Scripts/OnTriggerControl.cs
  artifactKey: Guid(9bb671825c1ecce4ab31c9539e28601a) Importer(815301076,1909f56bfc062723c751e8b465ee728b)
Start importing Assets/Scripts/OnTriggerControl.cs using Guid(9bb671825c1ecce4ab31c9539e28601a) Importer(815301076,1909f56bfc062723c751e8b465ee728b)  -> (artifact id: '4f5e56e3101c080fe635e2b8d4b016b1') in 0.014144 seconds
  Import took 0.017168 seconds .

========================================================================
Received Prepare
Registering precompiled user dll's ...
Registered in 0.003017 seconds.
Begin MonoManager ReloadAssembly
Native extension for WindowsStandalone target not found
Refreshing native plugins compatible for Editor in 0.43 ms, found 0 plugins.
Preloading 0 native plugins for Editor in 0.00 ms.
Mono: successfully reloaded assembly
- Completed reload, in  0.602 seconds
Platform modules already initialized, skipping
Refreshing native plugins compatible for Editor in 0.51 ms, found 0 plugins.
Preloading 0 native plugins for Editor in 0.00 ms.
Unloading 1671 Unused Serialized files (Serialized files now loaded: 0)
System memory in use before: 74.9 MB.
System memory in use after: 75.0 MB.

Unloading 30 unused Assets to reduce memory usage. Loaded Objects now: 2114.
Total: 1.435900 ms (FindLiveObjects: 0.115300 ms CreateObjectMapping: 0.032200 ms MarkObjects: 1.241900 ms  DeleteObjects: 0.045700 ms)

========================================================================
Received Prepare
Registering precompiled user dll's ...
Registered in 0.003181 seconds.
Begin MonoManager ReloadAssembly
Native extension for WindowsStandalone target not found
Refreshing native plugins compatible for Editor in 0.40 ms, found 0 plugins.
Preloading 0 native plugins for Editor in 0.00 ms.
Mono: successfully reloaded assembly
- Completed reload, in  0.694 seconds
Platform modules already initialized, skipping
Refreshing native plugins compatible for Editor in 0.44 ms, found 0 plugins.
Preloading 0 native plugins for Editor in 0.00 ms.
Unloading 1671 Unused Serialized files (Serialized files now loaded: 0)
System memory in use before: 74.9 MB.
System memory in use after: 75.0 MB.

Unloading 30 unused Assets to reduce memory usage. Loaded Objects now: 2117.
Total: 1.519000 ms (FindLiveObjects: 0.120300 ms CreateObjectMapping: 0.033100 ms MarkObjects: 1.314400 ms  DeleteObjects: 0.050100 ms)

========================================================================
Received Prepare
Registering precompiled user dll's ...
Registered in 0.002960 seconds.
Begin MonoManager ReloadAssembly
Native extension for WindowsStandalone target not found
Refreshing native plugins compatible for Editor in 0.41 ms, found 0 plugins.
Preloading 0 native plugins for Editor in 0.00 ms.
Mono: successfully reloaded assembly
- Completed reload, in  0.535 seconds
Platform modules already initialized, skipping
Refreshing native plugins compatible for Editor in 0.45 ms, found 0 plugins.
Preloading 0 native plugins for Editor in 0.00 ms.
Unloading 1671 Unused Serialized files (Serialized files now loaded: 0)
System memory in use before: 74.9 MB.
System memory in use after: 75.0 MB.

Unloading 30 unused Assets to reduce memory usage. Loaded Objects now: 2120.
Total: 1.365600 ms (FindLiveObjects: 0.112500 ms CreateObjectMapping: 0.050800 ms MarkObjects: 1.156500 ms  DeleteObjects: 0.045200 ms)

========================================================================
Received Prepare
Registering precompiled user dll's ...
Registered in 0.003024 seconds.
Begin MonoManager ReloadAssembly
Native extension for WindowsStandalone target not found
Refreshing native plugins compatible for Editor in 0.42 ms, found 0 plugins.
Preloading 0 native plugins for Editor in 0.00 ms.
Mono: successfully reloaded assembly
- Completed reload, in  0.562 seconds
Platform modules already initialized, skipping
Refreshing native plugins compatible for Editor in 0.52 ms, found 0 plugins.
Preloading 0 native plugins for Editor in 0.00 ms.
Unloading 1671 Unused Serialized files (Serialized files now loaded: 0)
System memory in use before: 74.9 MB.
System memory in use after: 75.0 MB.

Unloading 30 unused Assets to reduce memory usage. Loaded Objects now: 2123.
Total: 1.535800 ms (FindLiveObjects: 0.108900 ms CreateObjectMapping: 0.030000 ms MarkObjects: 1.343700 ms  DeleteObjects: 0.052500 ms)

========================================================================
Received Import Request.
  Time since last request: 141.141177 seconds.
  path: Assets/Prefabs/NPC.prefab
  artifactKey: Guid(93321ae865a2a69408b9295a87af90bb) Importer(815301076,1909f56bfc062723c751e8b465ee728b)
Start importing Assets/Prefabs/NPC.prefab using Guid(93321ae865a2a69408b9295a87af90bb) Importer(815301076,1909f56bfc062723c751e8b465ee728b)  -> (artifact id: '56046ba91f837236ee590560d9cf4752') in 0.095747 seconds
  Import took 0.098282 seconds .

========================================================================
Received Prepare
Registering precompiled user dll's ...
Registered in 0.003237 seconds.
Begin MonoManager ReloadAssembly
Native extension for WindowsStandalone target not found
Refreshing native plugins compatible for Editor in 0.40 ms, found 0 plugins.
Preloading 0 native plugins for Editor in 0.00 ms.
Mono: successfully reloaded assembly
- Completed reload, in  0.542 seconds
Platform modules already initialized, skipping
Refreshing native plugins compatible for Editor in 0.44 ms, found 0 plugins.
Preloading 0 native plugins for Editor in 0.00 ms.
Unloading 1671 Unused Serialized files (Serialized files now loaded: 0)
System memory in use before: 78.1 MB.
System memory in use after: 78.1 MB.

Unloading 30 unused Assets to reduce memory usage. Loaded Objects now: 2133.
Total: 1.365700 ms (FindLiveObjects: 0.116300 ms CreateObjectMapping: 0.031900 ms MarkObjects: 1.155000 ms  DeleteObjects: 0.061700 ms)

========================================================================
Received Prepare
Registering precompiled user dll's ...
Registered in 0.002938 seconds.
Begin MonoManager ReloadAssembly
Native extension for WindowsStandalone target not found
Refreshing native plugins compatible for Editor in 0.39 ms, found 0 plugins.
Preloading 0 native plugins for Editor in 0.00 ms.
Mono: successfully reloaded assembly
- Completed reload, in  0.520 seconds
Platform modules already initialized, skipping
Refreshing native plugins compatible for Editor in 0.45 ms, found 0 plugins.
Preloading 0 native plugins for Editor in 0.00 ms.
Unloading 1671 Unused Serialized files (Serialized files now loaded: 0)
System memory in use before: 78.1 MB.
System memory in use after: 78.1 MB.

Unloading 30 unused Assets to reduce memory usage. Loaded Objects now: 2136.
Total: 1.411500 ms (FindLiveObjects: 0.115500 ms CreateObjectMapping: 0.031300 ms MarkObjects: 1.199600 ms  DeleteObjects: 0.064300 ms)

========================================================================
Received Prepare
Registering precompiled user dll's ...
Registered in 0.003117 seconds.
Begin MonoManager ReloadAssembly
Native extension for WindowsStandalone target not found
Refreshing native plugins compatible for Editor in 0.43 ms, found 0 plugins.
Preloading 0 native plugins for Editor in 0.00 ms.
Mono: successfully reloaded assembly
- Completed reload, in  0.689 seconds
Platform modules already initialized, skipping
Refreshing native plugins compatible for Editor in 0.44 ms, found 0 plugins.
Preloading 0 native plugins for Editor in 0.00 ms.
Unloading 1671 Unused Serialized files (Serialized files now loaded: 0)
System memory in use before: 78.1 MB.
System memory in use after: 78.2 MB.

Unloading 30 unused Assets to reduce memory usage. Loaded Objects now: 2139.
Total: 1.576500 ms (FindLiveObjects: 0.117100 ms CreateObjectMapping: 0.031200 ms MarkObjects: 1.356400 ms  DeleteObjects: 0.071000 ms)

========================================================================
Received Prepare
Registering precompiled user dll's ...
Registered in 0.004638 seconds.
Begin MonoManager ReloadAssembly
Native extension for WindowsStandalone target not found
Refreshing native plugins compatible for Editor in 0.67 ms, found 0 plugins.
Preloading 0 native plugins for Editor in 0.00 ms.
Mono: successfully reloaded assembly
- Completed reload, in  0.859 seconds
Platform modules already initialized, skipping
Refreshing native plugins compatible for Editor in 0.74 ms, found 0 plugins.
Preloading 0 native plugins for Editor in 0.00 ms.
Unloading 1671 Unused Serialized files (Serialized files now loaded: 0)
System memory in use before: 78.1 MB.
System memory in use after: 78.2 MB.

Unloading 30 unused Assets to reduce memory usage. Loaded Objects now: 2142.
Total: 2.091300 ms (FindLiveObjects: 0.141000 ms CreateObjectMapping: 0.028600 ms MarkObjects: 1.852500 ms  DeleteObjects: 0.067800 ms)

========================================================================
Received Prepare
Registering precompiled user dll's ...
Registered in 0.003257 seconds.
Begin MonoManager ReloadAssembly
Native extension for WindowsStandalone target not found
Refreshing native plugins compatible for Editor in 0.42 ms, found 0 plugins.
Preloading 0 native plugins for Editor in 0.00 ms.
Mono: successfully reloaded assembly
- Completed reload, in  0.610 seconds
Platform modules already initialized, skipping
Refreshing native plugins compatible for Editor in 0.44 ms, found 0 plugins.
Preloading 0 native plugins for Editor in 0.00 ms.
Unloading 1671 Unused Serialized files (Serialized files now loaded: 0)
System memory in use before: 78.1 MB.
System memory in use after: 78.2 MB.

Unloading 30 unused Assets to reduce memory usage. Loaded Objects now: 2145.
Total: 1.410900 ms (FindLiveObjects: 0.113600 ms CreateObjectMapping: 0.031100 ms MarkObjects: 1.218700 ms  DeleteObjects: 0.046700 ms)

========================================================================
Received Prepare
Registering precompiled user dll's ...
Registered in 0.002997 seconds.
Begin MonoManager ReloadAssembly
Native extension for WindowsStandalone target not found
Refreshing native plugins compatible for Editor in 0.43 ms, found 0 plugins.
Preloading 0 native plugins for Editor in 0.00 ms.
Mono: successfully reloaded assembly
- Completed reload, in  0.553 seconds
Platform modules already initialized, skipping
Refreshing native plugins compatible for Editor in 0.44 ms, found 0 plugins.
Preloading 0 native plugins for Editor in 0.00 ms.
Unloading 1671 Unused Serialized files (Serialized files now loaded: 0)
System memory in use before: 78.1 MB.
System memory in use after: 78.2 MB.

Unloading 30 unused Assets to reduce memory usage. Loaded Objects now: 2148.
Total: 1.454800 ms (FindLiveObjects: 0.117900 ms CreateObjectMapping: 0.037400 ms MarkObjects: 1.234200 ms  DeleteObjects: 0.064600 ms)

========================================================================
Received Import Request.
  Time since last request: 4926.206870 seconds.
  path: Assets/Prefabs/NPC.prefab
  artifactKey: Guid(93321ae865a2a69408b9295a87af90bb) Importer(815301076,1909f56bfc062723c751e8b465ee728b)
Start importing Assets/Prefabs/NPC.prefab using Guid(93321ae865a2a69408b9295a87af90bb) Importer(815301076,1909f56bfc062723c751e8b465ee728b)  -> (artifact id: 'a8b3da44b67978818b1a1e3825dfe86d') in 0.071711 seconds
  Import took 0.074275 seconds .

========================================================================
Received Prepare
Registering precompiled user dll's ...
Registered in 0.003412 seconds.
Begin MonoManager ReloadAssembly
Native extension for WindowsStandalone target not found
Refreshing native plugins compatible for Editor in 0.43 ms, found 0 plugins.
Preloading 0 native plugins for Editor in 0.00 ms.
Mono: successfully reloaded assembly
- Completed reload, in  0.551 seconds
Platform modules already initialized, skipping
Refreshing native plugins compatible for Editor in 0.44 ms, found 0 plugins.
Preloading 0 native plugins for Editor in 0.00 ms.
Unloading 1671 Unused Serialized files (Serialized files now loaded: 0)
System memory in use before: 78.1 MB.
System memory in use after: 78.2 MB.

Unloading 30 unused Assets to reduce memory usage. Loaded Objects now: 2152.
Total: 1.956200 ms (FindLiveObjects: 0.251100 ms CreateObjectMapping: 0.114500 ms MarkObjects: 1.531800 ms  DeleteObjects: 0.057600 ms)

========================================================================
Received Prepare
Registering precompiled user dll's ...
Registered in 0.004781 seconds.
Begin MonoManager ReloadAssembly
Native extension for WindowsStandalone target not found
Refreshing native plugins compatible for Editor in 0.40 ms, found 0 plugins.
Preloading 0 native plugins for Editor in 0.00 ms.
Mono: successfully reloaded assembly
- Completed reload, in  0.747 seconds
Platform modules already initialized, skipping
Refreshing native plugins compatible for Editor in 0.44 ms, found 0 plugins.
Preloading 0 native plugins for Editor in 0.00 ms.
Unloading 1671 Unused Serialized files (Serialized files now loaded: 0)
System memory in use before: 78.1 MB.
System memory in use after: 78.2 MB.

Unloading 30 unused Assets to reduce memory usage. Loaded Objects now: 2155.
Total: 1.504900 ms (FindLiveObjects: 0.114400 ms CreateObjectMapping: 0.035900 ms MarkObjects: 1.290000 ms  DeleteObjects: 0.063900 ms)

========================================================================
Received Import Request.
  Time since last request: 2519.504138 seconds.
  path: Assets/Prefabs/NPC.prefab
  artifactKey: Guid(93321ae865a2a69408b9295a87af90bb) Importer(815301076,1909f56bfc062723c751e8b465ee728b)
Start importing Assets/Prefabs/NPC.prefab using Guid(93321ae865a2a69408b9295a87af90bb) Importer(815301076,1909f56bfc062723c751e8b465ee728b)  -> (artifact id: 'c9380ab9983b1fb6c775117034284c01') in 0.064282 seconds
  Import took 0.067304 seconds .

========================================================================
Received Prepare
Registering precompiled user dll's ...
Registered in 0.003164 seconds.
Begin MonoManager ReloadAssembly
Native extension for WindowsStandalone target not found
Refreshing native plugins compatible for Editor in 0.45 ms, found 0 plugins.
Preloading 0 native plugins for Editor in 0.00 ms.
Mono: successfully reloaded assembly
- Completed reload, in  0.551 seconds
Platform modules already initialized, skipping
Refreshing native plugins compatible for Editor in 0.47 ms, found 0 plugins.
Preloading 0 native plugins for Editor in 0.00 ms.
Unloading 1671 Unused Serialized files (Serialized files now loaded: 0)
System memory in use before: 78.1 MB.
System memory in use after: 78.2 MB.

Unloading 30 unused Assets to reduce memory usage. Loaded Objects now: 2159.
Total: 1.379900 ms (FindLiveObjects: 0.116100 ms CreateObjectMapping: 0.029300 ms MarkObjects: 1.168700 ms  DeleteObjects: 0.064900 ms)

========================================================================
Received Prepare
Registering precompiled user dll's ...
Registered in 0.003447 seconds.
Begin MonoManager ReloadAssembly
Native extension for WindowsStandalone target not found
Refreshing native plugins compatible for Editor in 0.61 ms, found 0 plugins.
Preloading 0 native plugins for Editor in 0.00 ms.
Mono: successfully reloaded assembly
- Completed reload, in  0.692 seconds
Platform modules already initialized, skipping
Refreshing native plugins compatible for Editor in 0.45 ms, found 0 plugins.
Preloading 0 native plugins for Editor in 0.00 ms.
Unloading 1671 Unused Serialized files (Serialized files now loaded: 0)
System memory in use before: 78.1 MB.
System memory in use after: 78.2 MB.

Unloading 30 unused Assets to reduce memory usage. Loaded Objects now: 2162.
Total: 1.370800 ms (FindLiveObjects: 0.117400 ms CreateObjectMapping: 0.027200 ms MarkObjects: 1.173500 ms  DeleteObjects: 0.052000 ms)

========================================================================
Received Import Request.
  Time since last request: 288.603379 seconds.
  path: Assets/Prefabs/NPC.prefab
  artifactKey: Guid(93321ae865a2a69408b9295a87af90bb) Importer(815301076,1909f56bfc062723c751e8b465ee728b)
Start importing Assets/Prefabs/NPC.prefab using Guid(93321ae865a2a69408b9295a87af90bb) Importer(815301076,1909f56bfc062723c751e8b465ee728b)  -> (artifact id: '310894bb676daebc1609176494ceb6b9') in 0.050057 seconds
  Import took 0.052690 seconds .

========================================================================
Received Import Request.
  Time since last request: 30.534598 seconds.
  path: Assets/Prefabs/NPC.prefab
  artifactKey: Guid(93321ae865a2a69408b9295a87af90bb) Importer(815301076,1909f56bfc062723c751e8b465ee728b)
Start importing Assets/Prefabs/NPC.prefab using Guid(93321ae865a2a69408b9295a87af90bb) Importer(815301076,1909f56bfc062723c751e8b465ee728b)  -> (artifact id: '7daf3d150da8c80875a5182a516132e3') in 0.013003 seconds
  Import took 0.015563 seconds .

========================================================================
Received Import Request.
  Time since last request: 0.000282 seconds.
  path: Assets/Prefabs/NPC.prefab
  artifactKey: Guid(93321ae865a2a69408b9295a87af90bb) Importer(815301076,1909f56bfc062723c751e8b465ee728b)
Start importing Assets/Prefabs/NPC.prefab using Guid(93321ae865a2a69408b9295a87af90bb) Importer(815301076,1909f56bfc062723c751e8b465ee728b)  -> (artifact id: '7daf3d150da8c80875a5182a516132e3') in 0.010753 seconds
  Import took 0.013156 seconds .

========================================================================
Received Prepare
Registering precompiled user dll's ...
Registered in 0.004574 seconds.
Begin MonoManager ReloadAssembly
Native extension for WindowsStandalone target not found
Refreshing native plugins compatible for Editor in 0.41 ms, found 0 plugins.
Preloading 0 native plugins for Editor in 0.00 ms.
Mono: successfully reloaded assembly
- Completed reload, in  0.755 seconds
Platform modules already initialized, skipping
Refreshing native plugins compatible for Editor in 0.59 ms, found 0 plugins.
Preloading 0 native plugins for Editor in 0.00 ms.
Unloading 1671 Unused Serialized files (Serialized files now loaded: 0)
System memory in use before: 78.1 MB.
System memory in use after: 78.2 MB.

Unloading 30 unused Assets to reduce memory usage. Loaded Objects now: 2166.
Total: 1.394900 ms (FindLiveObjects: 0.119800 ms CreateObjectMapping: 0.036900 ms MarkObjects: 1.188100 ms  DeleteObjects: 0.049300 ms)

========================================================================
Received Prepare
Registering precompiled user dll's ...
Registered in 0.003798 seconds.
Begin MonoManager ReloadAssembly
Native extension for WindowsStandalone target not found
Refreshing native plugins compatible for Editor in 0.40 ms, found 0 plugins.
Preloading 0 native plugins for Editor in 0.00 ms.
Mono: successfully reloaded assembly
- Completed reload, in  0.623 seconds
Platform modules already initialized, skipping
Refreshing native plugins compatible for Editor in 0.44 ms, found 0 plugins.
Preloading 0 native plugins for Editor in 0.00 ms.
Unloading 1671 Unused Serialized files (Serialized files now loaded: 0)
System memory in use before: 78.1 MB.
System memory in use after: 78.2 MB.

Unloading 30 unused Assets to reduce memory usage. Loaded Objects now: 2169.
Total: 1.437000 ms (FindLiveObjects: 0.116300 ms CreateObjectMapping: 0.036000 ms MarkObjects: 1.237100 ms  DeleteObjects: 0.046400 ms)

========================================================================
Received Prepare
Registering precompiled user dll's ...
Registered in 0.003381 seconds.
Begin MonoManager ReloadAssembly
Native extension for WindowsStandalone target not found
Refreshing native plugins compatible for Editor in 0.47 ms, found 0 plugins.
Preloading 0 native plugins for Editor in 0.00 ms.
Mono: successfully reloaded assembly
- Completed reload, in  0.543 seconds
Platform modules already initialized, skipping
Refreshing native plugins compatible for Editor in 0.45 ms, found 0 plugins.
Preloading 0 native plugins for Editor in 0.00 ms.
Unloading 1671 Unused Serialized files (Serialized files now loaded: 0)
System memory in use before: 78.2 MB.
System memory in use after: 78.2 MB.

Unloading 30 unused Assets to reduce memory usage. Loaded Objects now: 2172.
Total: 1.691400 ms (FindLiveObjects: 0.158800 ms CreateObjectMapping: 0.034800 ms MarkObjects: 1.424400 ms  DeleteObjects: 0.072400 ms)

========================================================================
Received Import Request.
  Time since last request: 903.684665 seconds.
  path: Assets/Resources/Fonts/NotoSansHK-Medium.otf
  artifactKey: Guid(1d7527ef7e0dee74591401cd78f4ae02) Importer(815301076,1909f56bfc062723c751e8b465ee728b)
Start importing Assets/Resources/Fonts/NotoSansHK-Medium.otf using Guid(1d7527ef7e0dee74591401cd78f4ae02) Importer(815301076,1909f56bfc062723c751e8b465ee728b)  -> (artifact id: 'a07fbed1237e4860f185588cb609a2a3') in 0.104544 seconds
  Import took 0.108234 seconds .

========================================================================
Received Import Request.
  Time since last request: 93.955263 seconds.
  path: Assets/Resources/Images/Ref
  artifactKey: Guid(51453791b3f00034d9bd56403d98e758) Importer(815301076,1909f56bfc062723c751e8b465ee728b)
Start importing Assets/Resources/Images/Ref using Guid(51453791b3f00034d9bd56403d98e758) Importer(815301076,1909f56bfc062723c751e8b465ee728b)  -> (artifact id: '9a04fbdff9edbee5f593d10af5c663fa') in 0.008877 seconds
  Import took 0.012326 seconds .

========================================================================
Received Import Request.
  Time since last request: 0.001203 seconds.
  path: Assets/Resources/Images/Ref
  artifactKey: Guid(51453791b3f00034d9bd56403d98e758) Importer(815301076,1909f56bfc062723c751e8b465ee728b)
Start importing Assets/Resources/Images/Ref using Guid(51453791b3f00034d9bd56403d98e758) Importer(815301076,1909f56bfc062723c751e8b465ee728b)  -> (artifact id: '9a04fbdff9edbee5f593d10af5c663fa') in 0.002921 seconds
  Import took 0.006567 seconds .

========================================================================
Received Import Request.
  Time since last request: 6.404083 seconds.
  path: Assets/Resources/Images/Ref/NPC!.png
  artifactKey: Guid(aa0c8c6b446797d4aa40c5ce4f7539c5) Importer(815301076,1909f56bfc062723c751e8b465ee728b)
Start importing Assets/Resources/Images/Ref/NPC!.png using Guid(aa0c8c6b446797d4aa40c5ce4f7539c5) Importer(815301076,1909f56bfc062723c751e8b465ee728b)  -> (artifact id: '5fe9f3fee0b9884c01800c9db1b409b4') in 0.050626 seconds
  Import took 0.055138 seconds .

========================================================================
Received Import Request.
  Time since last request: 280.778330 seconds.
  path: Assets/Prefabs/UI_New.prefab
  artifactKey: Guid(d5ad87b3db468464a9b84e6b8e207d8b) Importer(815301076,1909f56bfc062723c751e8b465ee728b)
Start importing Assets/Prefabs/UI_New.prefab using Guid(d5ad87b3db468464a9b84e6b8e207d8b) Importer(815301076,1909f56bfc062723c751e8b465ee728b)  -> (artifact id: 'de9f7d623ed4993be82a3ffafb742070') in 0.093440 seconds
  Import took 0.100057 seconds .

========================================================================
Received Import Request.
  Time since last request: 197.786497 seconds.
  path: Assets/Resources/Images/Ref/Group 65.png
  artifactKey: Guid(51756f2dcc251b946a3e9a959922efb0) Importer(815301076,1909f56bfc062723c751e8b465ee728b)
Start importing Assets/Resources/Images/Ref/Group 65.png using Guid(51756f2dcc251b946a3e9a959922efb0) Importer(815301076,1909f56bfc062723c751e8b465ee728b)  -> (artifact id: '1afa6a976c431de78571851c3d3eba90') in 0.021355 seconds
  Import took 0.024963 seconds .

========================================================================
Received Import Request.
  Time since last request: 1.922087 seconds.
  path: Assets/Resources/Images/Ref/Group 66.png
  artifactKey: Guid(a6b41a9ee1f438349899ea1655e2f8ec) Importer(815301076,1909f56bfc062723c751e8b465ee728b)
Start importing Assets/Resources/Images/Ref/Group 66.png using Guid(a6b41a9ee1f438349899ea1655e2f8ec) Importer(815301076,1909f56bfc062723c751e8b465ee728b)  -> (artifact id: 'f048a01b4744a2b80d4d13fa17a837d1') in 0.014546 seconds
  Import took 0.018278 seconds .

